<?xml version="1.0" encoding="UTF-8"?>
<testng-results skipped="0" failed="0" ignored="0" total="1" passed="1">
  <reporter-output>
  </reporter-output>
  <suite name="Default suite" duration-ms="6065" started-at="2022-01-26T21:58:29 EST" finished-at="2022-01-26T21:58:35 EST">
    <groups>
    </groups>
    <test name="Default test" duration-ms="6065" started-at="2022-01-26T21:58:29 EST" finished-at="2022-01-26T21:58:35 EST">
      <class name="test.Test3">
        <test-method status="PASS" signature="verifyingAllMonthsDropdown()[pri:0, instance:test.Test3@4d41cee]" name="verifyingAllMonthsDropdown" duration-ms="6033" started-at="2022-01-26T21:58:29 EST" finished-at="2022-01-26T21:58:35 EST">
          <reporter-output>
          </reporter-output>
        </test-method> <!-- verifyingAllMonthsDropdown -->
      </class> <!-- test.Test3 -->
    </test> <!-- Default test -->
  </suite> <!-- Default suite -->
</testng-results>
